<?xml version="1.0" encoding="UTF-8"?>
<!-- Generated by org.testng.reporters.JUnitReportReporter -->
<testsuite skipped="0" hostname="qa-amansana" name="DemoTestNG.TestNGDemo" tests="1" failures="0" timestamp="26 Apr 2018 09:52:11 GMT" time="21.634" errors="0">
  <testcase name="login" time="21.634" classname="DemoTestNG.TestNGDemo"/>
</testsuite> <!-- DemoTestNG.TestNGDemo -->
